0: 50
1: 0
2: 0
3: 0
4: 0
5: 0
6: 0
7: 0
8: 0
9: 0
10: 0
11: 0
12: 0
13: 0
14: 0
15: 0
16: 0
17: 0
18: 0
19: 0
20: 0
21: 0
22: 0
23: 0
24: 0
25: 1
26: 0
0: 48
1: 0
2: 0
3: 0
4: 2
5: 0
6: 0
7: 0
8: 0
9: 0
10: 0
11: 0
12: 0
13: 0
14: 1
15: 0
16: 0
17: 0
18: 0
19: 0
20: 0
21: 0
22: 0
23: 0
24: 0
25: 0
26: 0
0: 37
1: 0
2: 1
3: 0
4: 0
5: 4
6: 0
7: 0
8: 0
9: 0
10: 0
11: 0
12: 1
13: 0
14: 0
15: 3
16: 0
17: 0
18: 3
19: 0
20: 2
21: 0
22: 0
23: 0
24: 0
25: 0
26: 0
0: 30
1: 0
2: 1
3: 0
4: 0
5: 7
6: 0
7: 0
8: 0
9: 3
10: 0
11: 0
12: 1
13: 1
14: 0
15: 0
16: 0
17: 0
18: 6
19: 0
20: 1
21: 0
22: 0
23: 0
24: 0
25: 0
26: 1
0: 21
1: 1
2: 0
3: 0
4: 0
5: 2
6: 0
7: 1
8: 0
9: 1
10: 0
11: 2
12: 1
13: 2
14: 0
15: 4
16: 0
17: 0
18: 3
19: 3
20: 6
21: 1
22: 1
23: 0
24: 0
25: 1
26: 1
0: 16
1: 5
2: 1
3: 2
4: 0
5: 3
6: 0
7: 0
8: 1
9: 3
10: 0
11: 0
12: 0
13: 1
14: 2
15: 1
16: 3
17: 0
18: 3
19: 2
20: 5
21: 2
22: 0
23: 1
24: 0
25: 0
26: 0
0: 10
1: 4
2: 1
3: 0
4: 3
5: 5
6: 0
7: 0
8: 0
9: 2
10: 0
11: 0
12: 1
13: 0
14: 0
15: 5
16: 4
17: 0
18: 5
19: 3
20: 2
21: 3
22: 0
23: 0
24: 0
25: 3
26: 0
0: 2
1: 6
2: 0
3: 5
4: 3
5: 3
6: 3
7: 0
8: 2
9: 4
10: 0
11: 0
12: 1
13: 0
14: 1
15: 1
16: 0
17: 0
18: 8
19: 3
20: 4
21: 1
22: 0
23: 0
24: 0
25: 4
26: 0
0: 0
1: 1
2: 2
3: 5
4: 3
5: 7
6: 0
7: 1
8: 2
9: 4
10: 0
11: 3
12: 6
13: 3
14: 0
15: 0
16: 0
17: 0
18: 7
19: 2
20: 1
21: 0
22: 1
23: 2
24: 0
25: 0
26: 1
0: 0
1: 5
2: 1
3: 5
4: 1
5: 9
6: 0
7: 0
8: 1
9: 5
10: 0
11: 1
12: 3
13: 0
14: 4
15: 2
16: 0
17: 0
18: 3
19: 2
20: 4
21: 2
22: 0
23: 1
24: 0
25: 0
26: 2
0: 0
1: 8
2: 0
3: 1
4: 0
5: 5
6: 2
7: 1
8: 0
9: 4
10: 0
11: 0
12: 5
13: 1
14: 5
15: 1
16: 3
17: 1
18: 1
19: 1
20: 10
21: 2
22: 0
23: 0
24: 0
25: 0
26: 0
0: 0
1: 4
2: 1
3: 0
4: 0
5: 4
6: 2
7: 0
8: 5
9: 5
10: 0
11: 0
12: 2
13: 0
14: 4
15: 2
16: 0
17: 0
18: 5
19: 0
20: 4
21: 8
22: 1
23: 0
24: 0
25: 4
26: 0
0: 0
1: 2
2: 1
3: 3
4: 2
5: 2
6: 2
7: 0
8: 5
9: 3
10: 0
11: 2
12: 3
13: 2
14: 1
15: 2
16: 2
17: 0
18: 3
19: 9
20: 3
21: 1
22: 2
23: 1
24: 0
25: 0
26: 0
